0 info it worked if it ends with ok
1 verbose cli [ 'D:\\program files\\nodejs\\node.exe',
1 verbose cli   'D:\\program files\\nodejs\\node_modules\\npm\\bin\\npm-cli.js',
1 verbose cli   'start' ]
2 info using npm@3.10.9
3 info using node@v6.9.2
4 verbose run-script [ 'prestart', 'start', 'poststart' ]
5 info lifecycle gum@1.0.0~prestart: gum@1.0.0
6 silly lifecycle gum@1.0.0~prestart: no script for prestart, continuing
7 info lifecycle gum@1.0.0~start: gum@1.0.0
8 verbose lifecycle gum@1.0.0~start: unsafe-perm in lifecycle true
9 verbose lifecycle gum@1.0.0~start: PATH: D:\program files\nodejs\node_modules\npm\bin\node-gyp-bin;E:\PDF\JSnote\21.Webcam Fun\node_modules\.bin;D:\Python27;D:\Ruby23-x64\bin;C:\Windows\system32;C:\Windows;C:\Windows\System32\Wbem;C:\Windows\System32\WindowsPowerShell\v1.0\;C:\Program Files (x86)\NVIDIA Corporation\PhysX\Common;D:\Program Files (x86)\Git\bin;D:\Program Files (x86)\Git\libexec\git-core;D:\Program Files\Git\cmd;D:\Program Files\nodejs\;C:\Users\KX\AppData\Roaming\npm;C:\Users\KX\AppData\Local\atom\bin
10 verbose lifecycle gum@1.0.0~start: CWD: E:\PDF\JSnote\21.Webcam Fun
11 silly lifecycle gum@1.0.0~start: Args: [ '/d /s /c',
11 silly lifecycle   'browser-sync start --server --files \'*.css, *.html, *.js\'' ]
12 verbose stack Error: kill ENOSYS
12 verbose stack     at exports._errnoException (util.js:1022:11)
12 verbose stack     at process.kill (internal/process.js:172:13)
12 verbose stack     at process.listener (D:\program files\nodejs\node_modules\npm\node_modules\npmlog\node_modules\gauge\node_modules\signal-exit\index.js:86:15)
12 verbose stack     at emitNone (events.js:91:20)
12 verbose stack     at process.emit (events.js:185:7)
12 verbose stack     at processEmit (D:\program files\nodejs\node_modules\npm\node_modules\npmlog\node_modules\gauge\node_modules\signal-exit\index.js:146:32)
12 verbose stack     at processEmit (D:\program files\nodejs\node_modules\npm\node_modules\npm-registry-client\node_modules\npmlog\node_modules\gauge\node_modules\signal-exit\index.js:146:32)
12 verbose stack     at Signal.wrap.onsignal (internal/process.js:199:44)
13 verbose cwd E:\PDF\JSnote\21.Webcam Fun
14 error Windows_NT 6.1.7601
15 error argv "D:\\program files\\nodejs\\node.exe" "D:\\program files\\nodejs\\node_modules\\npm\\bin\\npm-cli.js" "start"
16 error node v6.9.2
17 error npm  v3.10.9
18 error code ENOSYS
19 error errno ENOSYS
20 error syscall kill
21 error kill ENOSYS
22 error If you need help, you may report this error at:
22 error     <https://github.com/npm/npm/issues>
23 verbose exit [ 1, true ]
